<?xml version="1.0" encoding="UTF-8"?>
<!-- Generated by org.testng.reporters.JUnitReportReporter -->
<testsuite hostname="Computer-PC" name="test.Register_test_POI" tests="1" failures="0" timestamp="29 Aug 2016 16:06:05 GMT" time="24.834" errors="0">
  <testcase name="Register_POI" time="24.834" classname="test.Register_test_POI"/>
</testsuite> <!-- test.Register_test_POI -->
