<?xml version="1.0" encoding="UTF-8"?>
<!-- Generated by org.testng.reporters.JUnitReportReporter -->
<testsuite hostname="Computer-PC" name="test.Register_test_POI" tests="1" failures="0" timestamp="29 Aug 2016 03:14:54 GMT" time="23.185" errors="0">
  <testcase name="Register_POI" time="23.185" classname="test.Register_test_POI"/>
</testsuite> <!-- test.Register_test_POI -->
